GET / 404 139 - 3.086 ms
GET /api/minions 404 150 - 0.963 ms
GET /api/minions 404 150 - 0.231 ms
GET /api/minions/1 404 152 - 0.143 ms
GET /api/minions/1 404 152 - 0.094 ms
GET /api/minions/1 404 152 - 0.121 ms
GET /api/minions/notAnId 404 158 - 0.105 ms
GET /api/minions/450 404 154 - 0.089 ms
GET /api/minions/1 404 152 - 0.099 ms
PUT /api/minions/1 404 152 - 0.129 ms
GET /api/minions/1 404 152 - 0.164 ms
PUT /api/minions/1 404 152 - 0.095 ms
GET /api/minions/1 404 152 - 0.098 ms
PUT /api/minions/notAnId 404 158 - 0.156 ms
PUT /api/minions/450 404 154 - 0.088 ms
GET /api/minions 404 150 - 0.095 ms
PUT /api/minions/notAnId 404 158 - 0.056 ms
GET /api/minions 404 150 - 0.066 ms
GET /api/minions 404 150 - 0.086 ms
POST /api/minions 404 151 - 0.063 ms
GET /api/minions 404 150 - 0.083 ms
DELETE /api/minions/1 404 155 - 0.079 ms
DELETE /api/minions/notAnId 404 161 - 0.076 ms
DELETE /api/minions/450 404 157 - 0.091 ms
GET /api/ideas 404 148 - 0.065 ms
GET /api/ideas 404 148 - 0.076 ms
GET /api/ideas/1 404 150 - 0.073 ms
GET /api/ideas/1 404 150 - 0.074 ms
GET /api/ideas/1 404 150 - 0.066 ms
GET /api/ideas/notAnId 404 156 - 0.067 ms
GET /api/ideas/450 404 152 - 0.071 ms
GET /api/ideas/1 404 150 - 0.064 ms
PUT /api/ideas/1 404 150 - 0.052 ms
GET /api/ideas/1 404 150 - 0.066 ms
PUT /api/ideas/1 404 150 - 0.051 ms
GET /api/ideas/1 404 150 - 0.062 ms
PUT /api/ideas/notAnId 404 156 - 0.071 ms
PUT /api/ideas/450 404 152 - 0.073 ms
GET /api/ideas 404 148 - 0.061 ms
PUT /api/ideas/notAnId 404 156 - 0.050 ms
GET /api/ideas 404 148 - 0.064 ms
GET /api/ideas 404 148 - 0.057 ms
POST /api/ideas 404 149 - 0.053 ms
GET /api/ideas 404 148 - 0.060 ms
DELETE /api/ideas/1 404 153 - 0.068 ms
DELETE /api/ideas/notAnId 404 159 - 0.079 ms
DELETE /api/ideas/450 404 155 - 0.070 ms
POST /api/ideas 404 149 - 0.077 ms
GET /api/meetings 404 151 - 0.084 ms
GET /api/meetings 404 151 - 0.069 ms
POST /api/meetings 404 152 - 0.070 ms
GET /api/meetings 404 151 - 0.062 ms
POST /api/meetings 404 152 - 0.083 ms
GET /api/meetings 404 151 - 0.075 ms
DELETE /api/meetings 404 154 - 0.073 ms
GET /api/minions 404 150 - 1.169 ms
GET /api/minions 404 150 - 0.194 ms
GET /api/minions/1 404 152 - 0.117 ms
GET /api/minions/1 404 152 - 0.089 ms
GET /api/minions/1 404 152 - 0.098 ms
GET /api/minions/notAnId 404 158 - 0.084 ms
GET /api/minions/450 404 154 - 0.113 ms
GET /api/minions/1 404 152 - 0.101 ms
PUT /api/minions/1 404 152 - 0.133 ms
GET /api/minions/1 404 152 - 0.125 ms
PUT /api/minions/1 404 152 - 0.089 ms
GET /api/minions/1 404 152 - 0.105 ms
PUT /api/minions/notAnId 404 158 - 0.152 ms
PUT /api/minions/450 404 154 - 0.091 ms
GET /api/minions 404 150 - 0.075 ms
PUT /api/minions/notAnId 404 158 - 0.062 ms
GET /api/minions 404 150 - 0.064 ms
GET /api/minions 404 150 - 0.084 ms
POST /api/minions 404 151 - 0.063 ms
GET /api/minions 404 150 - 0.070 ms
DELETE /api/minions/1 404 155 - 0.074 ms
DELETE /api/minions/notAnId 404 161 - 0.078 ms
DELETE /api/minions/450 404 157 - 0.081 ms
GET /api/ideas 404 148 - 0.083 ms
GET /api/ideas 404 148 - 0.068 ms
GET /api/ideas/1 404 150 - 0.097 ms
GET /api/ideas/1 404 150 - 0.096 ms
GET /api/ideas/1 404 150 - 0.075 ms
GET /api/ideas/notAnId 404 156 - 0.076 ms
GET /api/ideas/450 404 152 - 0.062 ms
GET /api/ideas/1 404 150 - 0.080 ms
PUT /api/ideas/1 404 150 - 0.057 ms
GET /api/ideas/1 404 150 - 0.067 ms
PUT /api/ideas/1 404 150 - 0.051 ms
GET /api/ideas/1 404 150 - 0.058 ms
PUT /api/ideas/notAnId 404 156 - 0.071 ms
PUT /api/ideas/450 404 152 - 0.072 ms
GET /api/ideas 404 148 - 0.058 ms
PUT /api/ideas/notAnId 404 156 - 0.049 ms
GET /api/ideas 404 148 - 0.067 ms
GET /api/ideas 404 148 - 0.067 ms
POST /api/ideas 404 149 - 0.051 ms
GET /api/ideas 404 148 - 0.060 ms
DELETE /api/ideas/1 404 153 - 0.067 ms
DELETE /api/ideas/notAnId 404 159 - 0.075 ms
DELETE /api/ideas/450 404 155 - 0.078 ms
POST /api/ideas 404 149 - 0.059 ms
GET /api/meetings 404 151 - 0.064 ms
GET /api/meetings 404 151 - 0.060 ms
POST /api/meetings 404 152 - 0.118 ms
GET /api/meetings 404 151 - 0.063 ms
POST /api/meetings 404 152 - 0.101 ms
GET /api/meetings 404 151 - 0.059 ms
DELETE /api/meetings 404 154 - 0.065 ms
GET / 404 139 - 2.501 ms
GET /api/minions 200 2225 - 1.445 ms
GET /api/minions 200 2225 - 0.297 ms
GET /api/minions/1 404 152 - 0.692 ms
GET /api/minions/1 404 152 - 0.203 ms
GET /api/minions/1 404 152 - 0.089 ms
GET /api/minions/notAnId 404 158 - 0.092 ms
GET /api/minions/450 404 154 - 0.082 ms
GET /api/minions/1 404 152 - 0.093 ms
PUT /api/minions/1 404 152 - 0.199 ms
GET /api/minions/1 404 152 - 0.098 ms
PUT /api/minions/1 404 152 - 0.067 ms
GET /api/minions/1 404 152 - 0.091 ms
PUT /api/minions/notAnId 404 158 - 0.148 ms
PUT /api/minions/450 404 154 - 0.080 ms
GET /api/minions 200 2225 - 0.177 ms
PUT /api/minions/notAnId 404 158 - 0.050 ms
GET /api/minions 200 2225 - 0.085 ms
GET /api/minions 200 2225 - 0.088 ms
POST /api/minions 404 151 - 0.049 ms
GET /api/minions 200 2225 - 0.074 ms
DELETE /api/minions/1 404 155 - 0.103 ms
DELETE /api/minions/notAnId 404 161 - 0.064 ms
DELETE /api/minions/450 404 157 - 0.057 ms
GET /api/ideas 200 2225 - 0.116 ms
GET /api/ideas 200 2225 - 0.064 ms
GET /api/ideas/1 404 150 - 0.071 ms
GET /api/ideas/1 404 150 - 0.074 ms
GET /api/ideas/1 404 150 - 0.070 ms
GET /api/ideas/notAnId 404 156 - 0.067 ms
GET /api/ideas/450 404 152 - 0.049 ms
GET /api/ideas/1 404 150 - 0.046 ms
PUT /api/ideas/1 404 150 - 0.041 ms
GET /api/ideas/1 404 150 - 0.059 ms
PUT /api/ideas/1 404 150 - 0.036 ms
GET /api/ideas/1 404 150 - 0.047 ms
PUT /api/ideas/notAnId 404 156 - 0.054 ms
PUT /api/ideas/450 404 152 - 0.064 ms
GET /api/ideas 200 2225 - 0.111 ms
PUT /api/ideas/notAnId 404 156 - 0.043 ms
GET /api/ideas 200 2225 - 0.100 ms
GET /api/ideas 200 2225 - 0.061 ms
POST /api/ideas 404 149 - 0.042 ms
GET /api/ideas 200 2225 - 0.053 ms
DELETE /api/ideas/1 404 153 - 0.057 ms
DELETE /api/ideas/notAnId 404 159 - 0.057 ms
DELETE /api/ideas/450 404 155 - 0.052 ms
POST /api/ideas 404 149 - 0.057 ms
GET /api/meetings 200 2225 - 0.077 ms
GET /api/meetings 200 2225 - 0.072 ms
POST /api/meetings 404 152 - 0.143 ms
GET /api/meetings 200 2225 - 0.080 ms
POST /api/meetings 404 152 - 0.094 ms
GET /api/meetings 200 2225 - 0.076 ms
DELETE /api/meetings 404 154 - 0.077 ms
GET /api/minions 200 2272 - 2.472 ms
GET /api/minions 200 2272 - 0.252 ms
GET /api/minions/1 404 152 - 0.738 ms
GET /api/minions/1 404 152 - 0.213 ms
GET /api/minions/1 404 152 - 0.113 ms
GET /api/minions/notAnId 404 158 - 0.114 ms
GET /api/minions/450 404 154 - 0.092 ms
GET /api/minions/1 404 152 - 0.083 ms
PUT /api/minions/1 404 152 - 0.149 ms
GET /api/minions/1 404 152 - 0.136 ms
PUT /api/minions/1 404 152 - 0.067 ms
GET /api/minions/1 404 152 - 0.091 ms
PUT /api/minions/notAnId 404 158 - 0.152 ms
PUT /api/minions/450 404 154 - 0.089 ms
GET /api/minions 200 2272 - 0.150 ms
PUT /api/minions/notAnId 404 158 - 0.059 ms
GET /api/minions 200 2272 - 0.167 ms
GET /api/minions 200 2272 - 0.078 ms
POST /api/minions 500 - - 0.673 ms
GET /api/minions 200 2272 - 0.099 ms
DELETE /api/minions/1 404 155 - 0.168 ms
DELETE /api/minions/notAnId 404 161 - 0.139 ms
DELETE /api/minions/450 404 157 - 0.094 ms
GET /api/ideas 200 2272 - 0.182 ms
GET /api/ideas 200 2272 - 0.132 ms
GET /api/ideas/1 404 150 - 0.203 ms
GET /api/ideas/1 404 150 - 0.069 ms
GET /api/ideas/1 404 150 - 0.070 ms
GET /api/ideas/notAnId 404 156 - 0.059 ms
GET /api/ideas/450 404 152 - 0.065 ms
GET /api/ideas/1 404 150 - 0.054 ms
PUT /api/ideas/1 404 150 - 0.042 ms
GET /api/ideas/1 404 150 - 0.068 ms
PUT /api/ideas/1 404 150 - 0.045 ms
GET /api/ideas/1 404 150 - 0.052 ms
PUT /api/ideas/notAnId 404 156 - 0.070 ms
PUT /api/ideas/450 404 152 - 0.058 ms
GET /api/ideas 200 2272 - 0.122 ms
PUT /api/ideas/notAnId 404 156 - 0.041 ms
GET /api/ideas 200 2272 - 0.104 ms
GET /api/ideas 200 2272 - 0.059 ms
POST /api/ideas 500 - - 0.251 ms
GET /api/ideas 200 2272 - 0.154 ms
DELETE /api/ideas/1 404 153 - 0.127 ms
DELETE /api/ideas/notAnId 404 159 - 0.069 ms
DELETE /api/ideas/450 404 155 - 0.066 ms
POST /api/ideas 500 - - 0.233 ms
GET /api/meetings 200 2272 - 0.167 ms
GET /api/meetings 200 2272 - 0.066 ms
POST /api/meetings 500 - - 0.430 ms
GET /api/meetings 200 2272 - 0.076 ms
POST /api/meetings 500 - - 0.291 ms
GET /api/meetings 200 2272 - 0.198 ms
DELETE /api/meetings 404 154 - 0.205 ms
GET /api/minions 200 2361 - 2.350 ms
GET /api/minions 200 2361 - 0.243 ms
GET /api/minions/1 404 152 - 0.620 ms
GET /api/minions/1 404 152 - 0.202 ms
GET /api/minions/1 404 152 - 0.105 ms
GET /api/minions/notAnId 404 158 - 0.093 ms
GET /api/minions/450 404 154 - 0.083 ms
GET /api/minions/1 404 152 - 0.083 ms
PUT /api/minions/1 404 152 - 0.124 ms
GET /api/minions/1 404 152 - 0.124 ms
PUT /api/minions/1 404 152 - 0.255 ms
GET /api/minions/1 404 152 - 0.108 ms
PUT /api/minions/notAnId 404 158 - 0.150 ms
PUT /api/minions/450 404 154 - 0.091 ms
GET /api/minions 200 2361 - 0.146 ms
PUT /api/minions/notAnId 404 158 - 0.054 ms
GET /api/minions 200 2361 - 0.096 ms
GET /api/minions 200 2361 - 0.094 ms
POST /api/minions 500 - - 0.741 ms
GET /api/minions 200 2361 - 0.107 ms
DELETE /api/minions/1 404 155 - 0.081 ms
DELETE /api/minions/notAnId 404 161 - 0.069 ms
DELETE /api/minions/450 404 157 - 0.073 ms
GET /api/ideas 200 2361 - 0.195 ms
GET /api/ideas 200 2361 - 0.071 ms
GET /api/ideas/1 404 150 - 0.084 ms
GET /api/ideas/1 404 150 - 0.058 ms
GET /api/ideas/1 404 150 - 0.054 ms
GET /api/ideas/notAnId 404 156 - 0.062 ms
GET /api/ideas/450 404 152 - 0.060 ms
GET /api/ideas/1 404 150 - 0.051 ms
PUT /api/ideas/1 404 150 - 0.045 ms
GET /api/ideas/1 404 150 - 0.054 ms
PUT /api/ideas/1 404 150 - 0.041 ms
GET /api/ideas/1 404 150 - 0.048 ms
PUT /api/ideas/notAnId 404 156 - 0.060 ms
PUT /api/ideas/450 404 152 - 0.059 ms
GET /api/ideas 200 2361 - 0.120 ms
PUT /api/ideas/notAnId 404 156 - 0.041 ms
GET /api/ideas 200 2361 - 0.106 ms
GET /api/ideas 200 2361 - 0.103 ms
POST /api/ideas 500 - - 0.224 ms
GET /api/ideas 200 2361 - 0.072 ms
DELETE /api/ideas/1 404 153 - 0.064 ms
DELETE /api/ideas/notAnId 404 159 - 0.054 ms
DELETE /api/ideas/450 404 155 - 0.054 ms
POST /api/ideas 500 - - 0.234 ms
GET /api/meetings 200 2361 - 0.160 ms
GET /api/meetings 200 2361 - 0.065 ms
POST /api/meetings 500 - - 0.439 ms
GET /api/meetings 200 2361 - 0.077 ms
POST /api/meetings 500 - - 0.401 ms
GET /api/meetings 200 2361 - 0.078 ms
DELETE /api/meetings 404 154 - 0.096 ms
GET /api/minions 200 2309 - 2.367 ms
GET /api/minions 200 2309 - 0.229 ms
GET /api/minions/1 404 152 - 0.646 ms
GET /api/minions/1 404 152 - 0.229 ms
GET /api/minions/1 404 152 - 0.082 ms
GET /api/minions/notAnId 404 158 - 0.082 ms
GET /api/minions/450 404 154 - 0.102 ms
GET /api/minions/1 404 152 - 0.073 ms
PUT /api/minions/1 404 152 - 0.176 ms
GET /api/minions/1 404 152 - 0.089 ms
PUT /api/minions/1 404 152 - 0.067 ms
GET /api/minions/1 404 152 - 0.088 ms
PUT /api/minions/notAnId 404 158 - 0.153 ms
PUT /api/minions/450 404 154 - 0.088 ms
GET /api/minions 200 2309 - 0.143 ms
PUT /api/minions/notAnId 404 158 - 0.057 ms
GET /api/minions 200 2309 - 0.090 ms
GET /api/minions 200 2309 - 0.083 ms
POST /api/minions 500 - - 0.704 ms
GET /api/minions 200 2309 - 0.109 ms
DELETE /api/minions/1 404 155 - 0.099 ms
DELETE /api/minions/notAnId 404 161 - 0.085 ms
DELETE /api/minions/450 404 157 - 0.072 ms
GET /api/ideas 200 2309 - 0.119 ms
GET /api/ideas 200 2309 - 0.073 ms
GET /api/ideas/1 404 150 - 0.070 ms
GET /api/ideas/1 404 150 - 0.095 ms
GET /api/ideas/1 404 150 - 0.056 ms
GET /api/ideas/notAnId 404 156 - 0.067 ms
GET /api/ideas/450 404 152 - 0.055 ms
GET /api/ideas/1 404 150 - 0.049 ms
PUT /api/ideas/1 404 150 - 0.041 ms
GET /api/ideas/1 404 150 - 0.063 ms
PUT /api/ideas/1 404 150 - 0.040 ms
GET /api/ideas/1 404 150 - 0.051 ms
PUT /api/ideas/notAnId 404 156 - 0.063 ms
PUT /api/ideas/450 404 152 - 0.058 ms
GET /api/ideas 200 2309 - 0.125 ms
PUT /api/ideas/notAnId 404 156 - 0.046 ms
GET /api/ideas 200 2309 - 0.125 ms
GET /api/ideas 200 2309 - 0.069 ms
POST /api/ideas 500 - - 0.217 ms
GET /api/ideas 200 2309 - 0.083 ms
DELETE /api/ideas/1 404 153 - 0.079 ms
DELETE /api/ideas/notAnId 404 159 - 0.063 ms
DELETE /api/ideas/450 404 155 - 0.055 ms
POST /api/ideas 500 - - 0.351 ms
GET /api/meetings 200 2309 - 0.100 ms
GET /api/meetings 200 2309 - 0.081 ms
POST /api/meetings 500 - - 0.409 ms
GET /api/meetings 200 2309 - 0.112 ms
POST /api/meetings 500 - - 0.303 ms
GET /api/meetings 200 2309 - 0.102 ms
DELETE /api/meetings 404 154 - 0.130 ms
GET /api/minions 200 2282 - 1.433 ms
GET /api/minions 200 2282 - 0.293 ms
GET /api/minions/1 404 152 - 0.665 ms
GET /api/minions/1 404 152 - 0.214 ms
GET /api/minions/1 404 152 - 0.097 ms
GET /api/minions/notAnId 404 158 - 0.088 ms
GET /api/minions/450 404 154 - 0.080 ms
GET /api/minions/1 404 152 - 0.085 ms
PUT /api/minions/1 404 152 - 0.122 ms
GET /api/minions/1 404 152 - 0.086 ms
PUT /api/minions/1 404 152 - 0.060 ms
GET /api/minions/1 404 152 - 0.102 ms
PUT /api/minions/notAnId 404 158 - 0.125 ms
PUT /api/minions/450 404 154 - 0.097 ms
GET /api/minions 200 2282 - 0.142 ms
PUT /api/minions/notAnId 404 158 - 0.053 ms
GET /api/minions 200 2282 - 0.104 ms
GET /api/minions 200 2282 - 0.083 ms
POST /api/minions 500 - - 0.751 ms
GET /api/minions 200 2282 - 0.092 ms
DELETE /api/minions/1 404 155 - 0.073 ms
DELETE /api/minions/notAnId 404 161 - 0.069 ms
DELETE /api/minions/450 404 157 - 0.078 ms
GET /api/ideas 200 2282 - 0.091 ms
GET /api/ideas 200 2282 - 0.061 ms
GET /api/ideas/1 404 150 - 0.059 ms
GET /api/ideas/1 404 150 - 0.058 ms
GET /api/ideas/1 404 150 - 0.050 ms
GET /api/ideas/notAnId 404 156 - 0.058 ms
GET /api/ideas/450 404 152 - 0.053 ms
GET /api/ideas/1 404 150 - 0.048 ms
PUT /api/ideas/1 404 150 - 0.038 ms
GET /api/ideas/1 404 150 - 0.053 ms
PUT /api/ideas/1 404 150 - 0.045 ms
GET /api/ideas/1 404 150 - 0.064 ms
PUT /api/ideas/notAnId 404 156 - 0.101 ms
PUT /api/ideas/450 404 152 - 0.073 ms
GET /api/ideas 200 2282 - 0.134 ms
PUT /api/ideas/notAnId 404 156 - 0.044 ms
GET /api/ideas 200 2282 - 0.127 ms
GET /api/ideas 200 2282 - 0.067 ms
POST /api/ideas 500 - - 0.198 ms
GET /api/ideas 200 2282 - 0.064 ms
DELETE /api/ideas/1 404 153 - 0.079 ms
DELETE /api/ideas/notAnId 404 159 - 0.071 ms
DELETE /api/ideas/450 404 155 - 0.054 ms
POST /api/ideas 500 - - 0.206 ms
GET /api/meetings 200 2282 - 0.099 ms
GET /api/meetings 200 2282 - 0.092 ms
POST /api/meetings 500 - - 0.403 ms
GET /api/meetings 200 2282 - 0.075 ms
POST /api/meetings 500 - - 0.250 ms
GET /api/meetings 200 2282 - 0.211 ms
DELETE /api/meetings 404 154 - 0.119 ms
GET /api/minions 200 2296 - 2.475 ms
GET /api/minions 200 2296 - 0.224 ms
GET /api/minions/1 404 152 - 0.624 ms
GET /api/minions/1 404 152 - 0.165 ms
GET /api/minions/1 404 152 - 0.106 ms
GET /api/minions/notAnId 404 158 - 0.096 ms
GET /api/minions/450 404 154 - 0.084 ms
GET /api/minions/1 404 152 - 0.089 ms
PUT /api/minions/1 404 152 - 0.137 ms
GET /api/minions/1 404 152 - 0.106 ms
PUT /api/minions/1 404 152 - 0.061 ms
GET /api/minions/1 404 152 - 0.085 ms
PUT /api/minions/notAnId 404 158 - 0.123 ms
PUT /api/minions/450 404 154 - 0.075 ms
GET /api/minions 200 2296 - 0.132 ms
PUT /api/minions/notAnId 404 158 - 0.084 ms
GET /api/minions 200 2296 - 0.103 ms
GET /api/minions 200 2296 - 0.075 ms
POST /api/minions 400 2 - 0.130 ms
GET /api/minions 200 2296 - 0.110 ms
DELETE /api/minions/1 404 155 - 0.089 ms
DELETE /api/minions/notAnId 404 161 - 0.200 ms
DELETE /api/minions/450 404 157 - 0.084 ms
GET /api/ideas 200 2296 - 0.116 ms
GET /api/ideas 200 2296 - 0.090 ms
GET /api/ideas/1 404 150 - 0.072 ms
GET /api/ideas/1 404 150 - 0.059 ms
GET /api/ideas/1 404 150 - 0.052 ms
GET /api/ideas/notAnId 404 156 - 0.060 ms
GET /api/ideas/450 404 152 - 0.050 ms
GET /api/ideas/1 404 150 - 0.060 ms
PUT /api/ideas/1 404 150 - 0.040 ms
GET /api/ideas/1 404 150 - 0.053 ms
PUT /api/ideas/1 404 150 - 0.040 ms
GET /api/ideas/1 404 150 - 0.075 ms
PUT /api/ideas/notAnId 404 156 - 0.060 ms
PUT /api/ideas/450 404 152 - 0.057 ms
GET /api/ideas 200 2296 - 0.140 ms
PUT /api/ideas/notAnId 404 156 - 0.046 ms
GET /api/ideas 200 2296 - 0.080 ms
GET /api/ideas 200 2296 - 0.065 ms
POST /api/ideas 400 2 - 0.064 ms
GET /api/ideas 200 2296 - 0.058 ms
DELETE /api/ideas/1 404 153 - 0.061 ms
DELETE /api/ideas/notAnId 404 159 - 0.055 ms
DELETE /api/ideas/450 404 155 - 0.053 ms
POST /api/ideas 400 2 - 0.129 ms
GET /api/meetings 200 2296 - 0.107 ms
GET /api/meetings 200 2296 - 0.064 ms
POST /api/meetings 400 2 - 0.076 ms
GET /api/meetings 200 2296 - 0.054 ms
POST /api/meetings 400 2 - 0.042 ms
GET /api/meetings 200 2296 - 0.073 ms
DELETE /api/meetings 404 154 - 0.103 ms
GET /api/minions 200 2290 - 3.200 ms
GET /api/minions 200 2290 - 0.368 ms
GET /api/minions/1 404 152 - 0.842 ms
GET /api/minions/1 404 152 - 0.270 ms
GET /api/minions/1 404 152 - 0.118 ms
GET /api/minions/notAnId 404 158 - 0.123 ms
GET /api/minions/450 404 154 - 0.111 ms
GET /api/minions/1 404 152 - 0.159 ms
PUT /api/minions/1 404 152 - 0.149 ms
GET /api/minions/1 404 152 - 0.109 ms
PUT /api/minions/1 404 152 - 0.071 ms
GET /api/minions/1 404 152 - 0.103 ms
PUT /api/minions/notAnId 404 158 - 0.222 ms
PUT /api/minions/450 404 154 - 0.114 ms
GET /api/minions 200 2290 - 0.279 ms
PUT /api/minions/notAnId 404 158 - 0.103 ms
GET /api/minions 200 2290 - 0.114 ms
GET /api/minions 200 2290 - 0.160 ms
POST /api/minions 400 2 - 0.169 ms
GET /api/minions 200 2290 - 0.127 ms
DELETE /api/minions/1 404 155 - 0.103 ms
DELETE /api/minions/notAnId 404 161 - 0.094 ms
DELETE /api/minions/450 404 157 - 0.129 ms
GET /api/ideas 200 2290 - 0.199 ms
GET /api/ideas 200 2290 - 0.129 ms
GET /api/ideas/1 404 150 - 0.091 ms
GET /api/ideas/1 404 150 - 0.091 ms
GET /api/ideas/1 404 150 - 0.064 ms
GET /api/ideas/notAnId 404 156 - 0.065 ms
GET /api/ideas/450 404 152 - 0.067 ms
GET /api/ideas/1 404 150 - 0.072 ms
PUT /api/ideas/1 404 150 - 0.041 ms
GET /api/ideas/1 404 150 - 0.055 ms
PUT /api/ideas/1 404 150 - 0.040 ms
GET /api/ideas/1 404 150 - 0.062 ms
PUT /api/ideas/notAnId 404 156 - 0.061 ms
PUT /api/ideas/450 404 152 - 0.070 ms
GET /api/ideas 200 2290 - 0.164 ms
PUT /api/ideas/notAnId 404 156 - 0.044 ms
GET /api/ideas 200 2290 - 0.098 ms
GET /api/ideas 200 2290 - 0.147 ms
POST /api/ideas 400 2 - 0.089 ms
GET /api/ideas 200 2290 - 0.083 ms
DELETE /api/ideas/1 404 153 - 0.070 ms
DELETE /api/ideas/notAnId 404 159 - 0.073 ms
DELETE /api/ideas/450 404 155 - 0.053 ms
POST /api/ideas 400 2 - 0.099 ms
GET /api/meetings 200 2290 - 0.151 ms
GET /api/meetings 200 2290 - 0.071 ms
POST /api/meetings 400 2 - 0.087 ms
GET /api/meetings 200 2290 - 0.073 ms
POST /api/meetings 400 2 - 0.051 ms
GET /api/meetings 200 2290 - 0.109 ms
DELETE /api/meetings 404 154 - 0.129 ms
GET /api/minions/1 404 152 - 2.354 ms
GET /api/minions/1 404 152 - 0.289 ms
GET /api/minions/1 404 152 - 0.105 ms
GET /api/minions/notAnId 404 158 - 0.110 ms
GET /api/minions/450 404 154 - 0.104 ms
GET /api/minions/1 404 152 - 0.147 ms
PUT /api/minions/1 404 152 - 0.198 ms
GET /api/minions/1 404 152 - 0.115 ms
PUT /api/minions/1 404 152 - 0.071 ms
GET /api/minions/1 404 152 - 0.099 ms
PUT /api/minions/notAnId 404 158 - 0.144 ms
PUT /api/minions/450 404 154 - 0.102 ms
DELETE /api/minions/notAnId 404 161 - 0.521 ms
DELETE /api/minions/450 404 157 - 0.325 ms
GET /api/minions 200 2285 - 2.986 ms
GET /api/minions 200 2285 - 0.250 ms
GET /api/minions/1 404 152 - 0.695 ms
GET /api/minions/1 404 152 - 0.184 ms
GET /api/minions/1 404 152 - 0.089 ms
GET /api/minions/notAnId 404 158 - 0.084 ms
GET /api/minions/450 404 154 - 0.104 ms
GET /api/minions/1 404 152 - 0.097 ms
PUT /api/minions/1 404 152 - 0.226 ms
GET /api/minions/1 404 152 - 0.121 ms
PUT /api/minions/1 404 152 - 0.069 ms
GET /api/minions/1 404 152 - 0.095 ms
PUT /api/minions/notAnId 404 158 - 0.144 ms
PUT /api/minions/450 404 154 - 0.087 ms
GET /api/minions 200 2285 - 0.148 ms
PUT /api/minions/notAnId 404 158 - 0.098 ms
GET /api/minions 200 2285 - 0.109 ms
GET /api/minions 200 2285 - 0.092 ms
POST /api/minions 400 2 - 0.144 ms
GET /api/minions 200 2285 - 0.093 ms
DELETE /api/minions/1 404 155 - 0.091 ms
DELETE /api/minions/notAnId 404 161 - 0.104 ms
DELETE /api/minions/450 404 157 - 0.099 ms
GET /api/ideas 200 2285 - 0.114 ms
GET /api/ideas 200 2285 - 0.110 ms
GET /api/ideas/1 404 150 - 0.065 ms
GET /api/ideas/1 404 150 - 0.054 ms
GET /api/ideas/1 404 150 - 0.064 ms
GET /api/ideas/notAnId 404 156 - 0.061 ms
GET /api/ideas/450 404 152 - 0.064 ms
GET /api/ideas/1 404 150 - 0.051 ms
PUT /api/ideas/1 404 150 - 0.042 ms
GET /api/ideas/1 404 150 - 0.058 ms
PUT /api/ideas/1 404 150 - 0.041 ms
GET /api/ideas/1 404 150 - 0.053 ms
PUT /api/ideas/notAnId 404 156 - 0.061 ms
PUT /api/ideas/450 404 152 - 0.069 ms
GET /api/ideas 200 2285 - 0.133 ms
PUT /api/ideas/notAnId 404 156 - 0.040 ms
GET /api/ideas 200 2285 - 0.090 ms
GET /api/ideas 200 2285 - 0.061 ms
POST /api/ideas 400 2 - 0.078 ms
GET /api/ideas 200 2285 - 0.066 ms
DELETE /api/ideas/1 404 153 - 0.108 ms
DELETE /api/ideas/notAnId 404 159 - 0.064 ms
DELETE /api/ideas/450 404 155 - 0.080 ms
POST /api/ideas 400 2 - 0.096 ms
GET /api/meetings 200 2285 - 0.080 ms
GET /api/meetings 200 2285 - 0.063 ms
POST /api/meetings 400 2 - 0.146 ms
GET /api/meetings 200 2285 - 0.075 ms
POST /api/meetings 400 2 - 0.051 ms
GET /api/meetings 200 2285 - 0.066 ms
DELETE /api/meetings 404 154 - 0.176 ms
GET /api/minions 200 2355 - 2.527 ms
GET /api/minions 200 2355 - 0.218 ms
GET /api/minions/1 404 152 - 0.601 ms
GET /api/minions/1 404 152 - 0.163 ms
GET /api/minions/1 404 152 - 0.078 ms
GET /api/minions/notAnId 404 158 - 0.080 ms
GET /api/minions/450 404 154 - 0.109 ms
GET /api/minions/1 404 152 - 0.082 ms
PUT /api/minions/1 404 152 - 0.119 ms
GET /api/minions/1 404 152 - 0.111 ms
PUT /api/minions/1 404 152 - 0.061 ms
GET /api/minions/1 404 152 - 0.119 ms
PUT /api/minions/notAnId 404 158 - 0.145 ms
PUT /api/minions/450 404 154 - 0.084 ms
GET /api/minions 200 2355 - 0.165 ms
PUT /api/minions/notAnId 404 158 - 0.055 ms
GET /api/minions 200 2355 - 0.100 ms
GET /api/minions 200 2355 - 0.083 ms
POST /api/minions 400 2 - 0.129 ms
GET /api/minions 200 2355 - 0.076 ms
DELETE /api/minions/1 404 155 - 0.066 ms
DELETE /api/minions/notAnId 404 161 - 0.068 ms
DELETE /api/minions/450 404 157 - 0.067 ms
GET /api/ideas 200 2355 - 0.162 ms
GET /api/ideas 200 2355 - 0.073 ms
GET /api/ideas/1 404 150 - 0.075 ms
GET /api/ideas/1 404 150 - 0.059 ms
GET /api/ideas/1 404 150 - 0.051 ms
GET /api/ideas/notAnId 404 156 - 0.052 ms
GET /api/ideas/450 404 152 - 0.066 ms
GET /api/ideas/1 404 150 - 0.056 ms
PUT /api/ideas/1 404 150 - 0.041 ms
GET /api/ideas/1 404 150 - 0.056 ms
PUT /api/ideas/1 404 150 - 0.041 ms
GET /api/ideas/1 404 150 - 0.048 ms
PUT /api/ideas/notAnId 404 156 - 0.059 ms
PUT /api/ideas/450 404 152 - 0.062 ms
GET /api/ideas 200 2355 - 0.127 ms
PUT /api/ideas/notAnId 404 156 - 0.039 ms
GET /api/ideas 200 2355 - 0.066 ms
GET /api/ideas 200 2355 - 0.066 ms
POST /api/ideas 400 2 - 0.081 ms
GET /api/ideas 200 2355 - 0.061 ms
DELETE /api/ideas/1 404 153 - 0.066 ms
DELETE /api/ideas/notAnId 404 159 - 0.059 ms
DELETE /api/ideas/450 404 155 - 0.055 ms
POST /api/ideas 400 2 - 0.184 ms
GET /api/meetings 200 2355 - 0.086 ms
GET /api/meetings 200 2355 - 0.073 ms
POST /api/meetings 400 2 - 0.069 ms
GET /api/meetings 200 2355 - 0.054 ms
POST /api/meetings 400 2 - 0.044 ms
GET /api/meetings 200 2355 - 0.063 ms
DELETE /api/meetings 404 154 - 0.094 ms
GET /api/minions 200 2269 - 2.526 ms
GET /api/minions 200 2269 - 0.224 ms
GET /api/minions/1 200 - - 0.221 ms
GET /api/minions/1 200 - - 0.100 ms
GET /api/minions/1 200 - - 0.047 ms
GET /api/minions/notAnId 500 - - 1.298 ms
GET /api/minions/450 500 - - 0.261 ms
GET /api/minions/1 200 - - 0.063 ms
PUT /api/minions/1 404 152 - 0.335 ms
GET /api/minions/1 200 - - 0.071 ms
PUT /api/minions/1 404 152 - 0.082 ms
GET /api/minions/1 200 - - 0.037 ms
PUT /api/minions/notAnId 404 158 - 0.328 ms
PUT /api/minions/450 404 154 - 0.100 ms
GET /api/minions 200 2269 - 0.250 ms
PUT /api/minions/notAnId 404 158 - 0.080 ms
GET /api/minions 200 2269 - 0.126 ms
GET /api/minions 200 2269 - 0.116 ms
POST /api/minions 400 2 - 0.141 ms
GET /api/minions 200 2269 - 0.096 ms
DELETE /api/minions/1 404 155 - 0.110 ms
DELETE /api/minions/notAnId 404 161 - 0.094 ms
DELETE /api/minions/450 404 157 - 0.073 ms
GET /api/ideas 200 2269 - 0.093 ms
GET /api/ideas 200 2269 - 0.080 ms
GET /api/ideas/1 200 - - 0.047 ms
GET /api/ideas/1 200 - - 0.032 ms
GET /api/ideas/1 200 - - 0.029 ms
GET /api/ideas/notAnId 500 - - 0.196 ms
GET /api/ideas/450 500 - - 0.144 ms
GET /api/ideas/1 200 - - 0.036 ms
PUT /api/ideas/1 404 150 - 0.072 ms
GET /api/ideas/1 200 - - 0.030 ms
PUT /api/ideas/1 404 150 - 0.056 ms
GET /api/ideas/1 200 - - 0.026 ms
PUT /api/ideas/notAnId 404 156 - 0.103 ms
PUT /api/ideas/450 404 152 - 0.087 ms
GET /api/ideas 200 2269 - 0.125 ms
PUT /api/ideas/notAnId 404 156 - 0.047 ms
GET /api/ideas 200 2269 - 0.072 ms
GET /api/ideas 200 2269 - 0.068 ms
POST /api/ideas 400 2 - 0.051 ms
GET /api/ideas 200 2269 - 0.054 ms
DELETE /api/ideas/1 404 153 - 0.068 ms
DELETE /api/ideas/notAnId 404 159 - 0.067 ms
DELETE /api/ideas/450 404 155 - 0.073 ms
POST /api/ideas 400 2 - 0.048 ms
GET /api/meetings 200 2269 - 0.069 ms
GET /api/meetings 200 2269 - 0.056 ms
POST /api/meetings 400 2 - 0.059 ms
GET /api/meetings 200 2269 - 0.071 ms
POST /api/meetings 400 2 - 0.047 ms
GET /api/meetings 200 2269 - 0.061 ms
DELETE /api/meetings 404 154 - 0.108 ms
